{"contracts\\DPMarketplaceC1.sol":{"l":{"69":99,"70":99,"71":99,"72":99,"73":99,"77":2,"78":1,"82":4,"86":3,"90":41,"98":3,"99":2,"100":2,"101":2,"102":2,"103":2,"104":1,"107":3,"111":2,"115":33,"121":2,"125":1,"129":33,"135":41,"139":2,"140":2,"153":40,"158":39,"160":39,"161":3,"164":39,"174":37,"187":39,"188":38,"190":37,"192":37,"206":37,"207":37,"208":37,"229":15,"230":4,"235":1,"236":1,"237":1,"238":1,"240":11,"244":10,"245":9,"250":8,"251":8,"252":8,"253":8,"254":8,"255":8,"256":8,"268":4,"269":3,"270":2,"275":1,"277":1,"291":1,"292":1,"293":1,"309":24,"310":24,"312":22,"313":22,"314":22,"315":22,"316":22,"317":22,"319":22,"320":19,"321":17,"325":16,"327":16,"328":16,"331":17,"332":17,"333":17,"334":17,"336":17,"337":17,"342":2,"344":2,"346":2,"351":19,"352":19,"353":19,"355":19,"357":3,"358":3,"360":3,"361":2,"362":1,"366":1,"370":3,"372":3,"374":3,"380":3,"381":3,"382":3,"383":3,"385":3,"388":22,"389":22,"391":22,"392":22,"394":22,"398":1,"399":1,"400":1,"402":1,"403":1,"404":3,"405":3,"406":2,"407":2,"408":2,"411":1,"415":1,"416":1,"417":1,"419":1,"420":3,"421":3,"422":2,"426":1,"427":1,"428":3,"429":3,"430":2,"431":2,"432":2,"435":1,"439":1,"440":1,"441":1,"443":1,"444":3,"445":2,"449":1,"450":1,"451":3,"452":3,"453":2,"454":2,"455":2,"458":1},"path":"C:\\Users\\ndtr2\\Documents\\Workstation\\VAR\\Code\\DPMarketPlace\\contracts\\DPMarketplaceC1.sol","s":{"1":2,"2":1,"3":4,"4":3,"5":41,"6":3,"7":2,"8":1,"9":3,"10":2,"11":33,"12":2,"13":33,"14":41,"15":2,"16":2,"17":40,"18":39,"19":39,"20":39,"21":37,"22":39,"23":38,"24":37,"25":37,"26":37,"27":37,"28":15,"29":4,"30":1,"31":1,"32":11,"33":10,"34":9,"35":8,"36":8,"37":8,"38":4,"39":3,"40":2,"41":1,"42":1,"43":1,"44":1,"45":24,"46":24,"47":22,"48":22,"49":22,"50":22,"51":22,"52":22,"53":22,"54":19,"55":17,"56":16,"57":16,"58":17,"59":17,"60":17,"61":19,"62":19,"63":19,"64":19,"65":3,"66":3,"67":3,"68":2,"69":3,"70":3,"71":3,"72":3,"73":3,"74":22,"75":1,"76":1,"77":1,"78":1,"79":1,"80":3,"81":3,"82":2,"83":1,"84":1,"85":1,"86":1,"87":1,"88":3,"89":3,"90":1,"91":1,"92":3,"93":3,"94":2,"95":1,"96":1,"97":1,"98":1,"99":1,"100":3,"101":1,"102":1,"103":3,"104":3,"105":2,"106":1},"b":{"1":[2,0],"2":[1,1],"3":[3,1],"4":[3,0],"5":[2,1],"6":[1,1],"7":[2,0],"8":[1,1],"9":[40,0],"10":[39,1],"11":[3,36],"12":[38,1],"13":[37,1],"14":[15,0],"15":[4,11],"16":[1,3],"17":[10,1],"18":[9,1],"19":[8,1],"20":[4,0],"21":[3,1],"22":[2,1],"23":[1,1],"24":[24,0],"25":[22,2],"26":[19,3],"27":[17,2],"28":[16,1],"29":[2,1],"30":[1,1],"31":[2,1],"32":[2,1],"33":[2,1],"34":[2,1],"35":[2,1]},"f":{"1":99,"2":2,"3":4,"4":41,"5":3,"6":2,"7":33,"8":2,"9":33,"10":41,"11":2,"12":40,"13":39,"14":15,"15":4,"16":24,"17":1,"18":1,"19":1},"fnMap":{"1":{"name":"constructor","line":63,"loc":{"start":{"line":63,"column":4},"end":{"line":74,"column":4}}},"2":{"name":"withdraw","line":76,"loc":{"start":{"line":76,"column":4},"end":{"line":79,"column":4}}},"3":{"name":"approveAddress","line":81,"loc":{"start":{"line":81,"column":4},"end":{"line":87,"column":4}}},"4":{"name":"_approveAddress","line":89,"loc":{"start":{"line":89,"column":4},"end":{"line":91,"column":4}}},"5":{"name":"transferNFTTo","line":97,"loc":{"start":{"line":93,"column":4},"end":{"line":108,"column":4}}},"6":{"name":"getItemSold","line":110,"loc":{"start":{"line":110,"column":4},"end":{"line":112,"column":4}}},"7":{"name":"getListingPrice","line":114,"loc":{"start":{"line":114,"column":4},"end":{"line":116,"column":4}}},"8":{"name":"updateListingPriceSecondary","line":120,"loc":{"start":{"line":118,"column":4},"end":{"line":126,"column":4}}},"9":{"name":"getListingPriceSecondary","line":128,"loc":{"start":{"line":128,"column":4},"end":{"line":130,"column":4}}},"10":{"name":"getMarketItem","line":132,"loc":{"start":{"line":132,"column":4},"end":{"line":136,"column":4}}},"11":{"name":"getUsdMaticPrice","line":138,"loc":{"start":{"line":138,"column":4},"end":{"line":141,"column":4}}},"12":{"name":"createToken","line":152,"loc":{"start":{"line":143,"column":4},"end":{"line":175,"column":4}}},"13":{"name":"createMarketItem","line":177,"loc":{"start":{"line":177,"column":4},"end":{"line":221,"column":4}}},"14":{"name":"resellToken","line":228,"loc":{"start":{"line":223,"column":4},"end":{"line":258,"column":4}}},"15":{"name":"createExternalMintedItem","line":267,"loc":{"start":{"line":260,"column":4},"end":{"line":306,"column":4}}},"16":{"name":"createMarketSale","line":308,"loc":{"start":{"line":308,"column":4},"end":{"line":395,"column":4}}},"17":{"name":"fetchMarketItems","line":397,"loc":{"start":{"line":397,"column":4},"end":{"line":412,"column":4}}},"18":{"name":"fetchMyNFTs","line":414,"loc":{"start":{"line":414,"column":4},"end":{"line":436,"column":4}}},"19":{"name":"fetchItemsListed","line":438,"loc":{"start":{"line":438,"column":4},"end":{"line":459,"column":4}}}},"statementMap":{"1":{"start":{"line":77,"column":8},"end":{"line":77,"column":71}},"2":{"start":{"line":78,"column":8},"end":{"line":78,"column":58}},"3":{"start":{"line":82,"column":8},"end":{"line":82,"column":2295}},"4":{"start":{"line":86,"column":8},"end":{"line":86,"column":32}},"5":{"start":{"line":90,"column":8},"end":{"line":90,"column":41}},"6":{"start":{"line":98,"column":8},"end":{"line":98,"column":2705}},"7":{"start":{"line":103,"column":12},"end":{"line":103,"column":2996}},"8":{"start":{"line":104,"column":16},"end":{"line":104,"column":37}},"9":{"start":{"line":107,"column":8},"end":{"line":107,"column":44}},"10":{"start":{"line":111,"column":8},"end":{"line":111,"column":35}},"11":{"start":{"line":115,"column":8},"end":{"line":115,"column":27}},"12":{"start":{"line":121,"column":8},"end":{"line":121,"column":3486}},"13":{"start":{"line":129,"column":8},"end":{"line":129,"column":36}},"14":{"start":{"line":135,"column":8},"end":{"line":135,"column":43}},"15":{"start":{"line":139,"column":8},"end":{"line":139,"column":72}},"16":{"start":{"line":140,"column":8},"end":{"line":140,"column":21}},"17":{"start":{"line":153,"column":8},"end":{"line":153,"column":4476}},"18":{"start":{"line":158,"column":8},"end":{"line":158,"column":59}},"19":{"start":{"line":160,"column":8},"end":{"line":160,"column":4666}},"20":{"start":{"line":164,"column":8},"end":{"line":164,"column":4754}},"21":{"start":{"line":174,"column":8},"end":{"line":174,"column":25}},"22":{"start":{"line":187,"column":8},"end":{"line":187,"column":57}},"23":{"start":{"line":188,"column":8},"end":{"line":188,"column":74}},"24":{"start":{"line":190,"column":8},"end":{"line":190,"column":35}},"25":{"start":{"line":206,"column":8},"end":{"line":206,"column":31}},"26":{"start":{"line":207,"column":8},"end":{"line":207,"column":59}},"27":{"start":{"line":208,"column":8},"end":{"line":208,"column":5951}},"28":{"start":{"line":229,"column":8},"end":{"line":229,"column":6440}},"29":{"start":{"line":230,"column":12},"end":{"line":230,"column":6472}},"30":{"start":{"line":237,"column":12},"end":{"line":237,"column":33}},"31":{"start":{"line":238,"column":12},"end":{"line":238,"column":63}},"32":{"start":{"line":240,"column":12},"end":{"line":240,"column":6918}},"33":{"start":{"line":244,"column":12},"end":{"line":244,"column":69}},"34":{"start":{"line":245,"column":12},"end":{"line":245,"column":7130}},"35":{"start":{"line":254,"column":12},"end":{"line":254,"column":33}},"36":{"start":{"line":255,"column":12},"end":{"line":255,"column":44}},"37":{"start":{"line":256,"column":12},"end":{"line":256,"column":63}},"38":{"start":{"line":268,"column":8},"end":{"line":268,"column":65}},"39":{"start":{"line":269,"column":8},"end":{"line":269,"column":73}},"40":{"start":{"line":270,"column":8},"end":{"line":270,"column":8063}},"41":{"start":{"line":275,"column":8},"end":{"line":275,"column":35}},"42":{"start":{"line":291,"column":8},"end":{"line":291,"column":31}},"43":{"start":{"line":292,"column":8},"end":{"line":292,"column":59}},"44":{"start":{"line":293,"column":8},"end":{"line":293,"column":8655}},"45":{"start":{"line":309,"column":8},"end":{"line":309,"column":72}},"46":{"start":{"line":310,"column":8},"end":{"line":310,"column":59}},"47":{"start":{"line":312,"column":8},"end":{"line":312,"column":32}},"48":{"start":{"line":313,"column":8},"end":{"line":313,"column":31}},"49":{"start":{"line":314,"column":8},"end":{"line":314,"column":33}},"50":{"start":{"line":315,"column":8},"end":{"line":315,"column":38}},"51":{"start":{"line":316,"column":8},"end":{"line":316,"column":31}},"52":{"start":{"line":317,"column":8},"end":{"line":317,"column":58}},"53":{"start":{"line":319,"column":8},"end":{"line":319,"column":9417}},"54":{"start":{"line":320,"column":12},"end":{"line":320,"column":9485}},"55":{"start":{"line":321,"column":16},"end":{"line":321,"column":9558}},"56":{"start":{"line":325,"column":20},"end":{"line":325,"column":9777}},"57":{"start":{"line":327,"column":20},"end":{"line":327,"column":59}},"58":{"start":{"line":331,"column":16},"end":{"line":331,"column":68}},"59":{"start":{"line":332,"column":16},"end":{"line":332,"column":53}},"60":{"start":{"line":334,"column":16},"end":{"line":334,"column":58}},"61":{"start":{"line":351,"column":12},"end":{"line":351,"column":58}},"62":{"start":{"line":352,"column":12},"end":{"line":352,"column":51}},"63":{"start":{"line":353,"column":12},"end":{"line":353,"column":56}},"64":{"start":{"line":355,"column":12},"end":{"line":355,"column":33}},"65":{"start":{"line":357,"column":12},"end":{"line":357,"column":59}},"66":{"start":{"line":358,"column":12},"end":{"line":358,"column":62}},"67":{"start":{"line":360,"column":12},"end":{"line":360,"column":11290}},"68":{"start":{"line":361,"column":16},"end":{"line":361,"column":11368}},"69":{"start":{"line":380,"column":12},"end":{"line":380,"column":51}},"70":{"start":{"line":381,"column":12},"end":{"line":381,"column":49}},"71":{"start":{"line":382,"column":12},"end":{"line":382,"column":58}},"72":{"start":{"line":383,"column":12},"end":{"line":383,"column":56}},"73":{"start":{"line":385,"column":12},"end":{"line":385,"column":33}},"74":{"start":{"line":394,"column":8},"end":{"line":394,"column":59}},"75":{"start":{"line":398,"column":8},"end":{"line":398,"column":49}},"76":{"start":{"line":399,"column":8},"end":{"line":399,"column":63}},"77":{"start":{"line":400,"column":8},"end":{"line":400,"column":29}},"78":{"start":{"line":402,"column":8},"end":{"line":402,"column":69}},"79":{"start":{"line":403,"column":8},"end":{"line":403,"column":12995}},"80":{"start":{"line":404,"column":12},"end":{"line":404,"column":50}},"81":{"start":{"line":405,"column":12},"end":{"line":405,"column":13104}},"82":{"start":{"line":406,"column":16},"end":{"line":406,"column":74}},"83":{"start":{"line":411,"column":8},"end":{"line":411,"column":20}},"84":{"start":{"line":415,"column":8},"end":{"line":415,"column":54}},"85":{"start":{"line":416,"column":8},"end":{"line":416,"column":26}},"86":{"start":{"line":417,"column":8},"end":{"line":417,"column":29}},"87":{"start":{"line":419,"column":8},"end":{"line":419,"column":13571}},"88":{"start":{"line":420,"column":12},"end":{"line":420,"column":50}},"89":{"start":{"line":421,"column":12},"end":{"line":421,"column":13685}},"90":{"start":{"line":426,"column":8},"end":{"line":426,"column":63}},"91":{"start":{"line":427,"column":8},"end":{"line":427,"column":13861}},"92":{"start":{"line":428,"column":12},"end":{"line":428,"column":50}},"93":{"start":{"line":429,"column":12},"end":{"line":429,"column":13975}},"94":{"start":{"line":430,"column":16},"end":{"line":430,"column":74}},"95":{"start":{"line":435,"column":8},"end":{"line":435,"column":20}},"96":{"start":{"line":439,"column":8},"end":{"line":439,"column":54}},"97":{"start":{"line":440,"column":8},"end":{"line":440,"column":26}},"98":{"start":{"line":441,"column":8},"end":{"line":441,"column":29}},"99":{"start":{"line":443,"column":8},"end":{"line":443,"column":14444}},"100":{"start":{"line":444,"column":12},"end":{"line":444,"column":14505}},"101":{"start":{"line":449,"column":8},"end":{"line":449,"column":63}},"102":{"start":{"line":450,"column":8},"end":{"line":450,"column":14703}},"103":{"start":{"line":451,"column":12},"end":{"line":451,"column":50}},"104":{"start":{"line":452,"column":12},"end":{"line":452,"column":14817}},"105":{"start":{"line":453,"column":16},"end":{"line":453,"column":74}},"106":{"start":{"line":458,"column":8},"end":{"line":458,"column":20}}},"branchMap":{"1":{"line":76,"type":"if","locations":[{"start":{"line":76,"column":41},"end":{"line":76,"column":41}},{"start":{"line":76,"column":41},"end":{"line":76,"column":41}}]},"2":{"line":77,"type":"if","locations":[{"start":{"line":77,"column":8},"end":{"line":77,"column":8}},{"start":{"line":77,"column":8},"end":{"line":77,"column":8}}]},"3":{"line":82,"type":"if","locations":[{"start":{"line":82,"column":8},"end":{"line":82,"column":8}},{"start":{"line":82,"column":8},"end":{"line":82,"column":8}}]},"4":{"line":97,"type":"if","locations":[{"start":{"line":97,"column":15},"end":{"line":97,"column":15}},{"start":{"line":97,"column":15},"end":{"line":97,"column":15}}]},"5":{"line":98,"type":"if","locations":[{"start":{"line":98,"column":8},"end":{"line":98,"column":8}},{"start":{"line":98,"column":8},"end":{"line":98,"column":8}}]},"6":{"line":103,"type":"if","locations":[{"start":{"line":103,"column":12},"end":{"line":103,"column":12}},{"start":{"line":103,"column":12},"end":{"line":103,"column":12}}]},"7":{"line":120,"type":"if","locations":[{"start":{"line":120,"column":21},"end":{"line":120,"column":21}},{"start":{"line":120,"column":21},"end":{"line":120,"column":21}}]},"8":{"line":121,"type":"if","locations":[{"start":{"line":121,"column":8},"end":{"line":121,"column":8}},{"start":{"line":121,"column":8},"end":{"line":121,"column":8}}]},"9":{"line":152,"type":"if","locations":[{"start":{"line":152,"column":23},"end":{"line":152,"column":23}},{"start":{"line":152,"column":23},"end":{"line":152,"column":23}}]},"10":{"line":153,"type":"if","locations":[{"start":{"line":153,"column":8},"end":{"line":153,"column":8}},{"start":{"line":153,"column":8},"end":{"line":153,"column":8}}]},"11":{"line":160,"type":"if","locations":[{"start":{"line":160,"column":8},"end":{"line":160,"column":8}},{"start":{"line":160,"column":8},"end":{"line":160,"column":8}}]},"12":{"line":187,"type":"if","locations":[{"start":{"line":187,"column":8},"end":{"line":187,"column":8}},{"start":{"line":187,"column":8},"end":{"line":187,"column":8}}]},"13":{"line":188,"type":"if","locations":[{"start":{"line":188,"column":8},"end":{"line":188,"column":8}},{"start":{"line":188,"column":8},"end":{"line":188,"column":8}}]},"14":{"line":228,"type":"if","locations":[{"start":{"line":228,"column":23},"end":{"line":228,"column":23}},{"start":{"line":228,"column":23},"end":{"line":228,"column":23}}]},"15":{"line":229,"type":"if","locations":[{"start":{"line":229,"column":8},"end":{"line":229,"column":8}},{"start":{"line":229,"column":8},"end":{"line":229,"column":8}}]},"16":{"line":230,"type":"if","locations":[{"start":{"line":230,"column":12},"end":{"line":230,"column":12}},{"start":{"line":230,"column":12},"end":{"line":230,"column":12}}]},"17":{"line":240,"type":"if","locations":[{"start":{"line":240,"column":12},"end":{"line":240,"column":12}},{"start":{"line":240,"column":12},"end":{"line":240,"column":12}}]},"18":{"line":244,"type":"if","locations":[{"start":{"line":244,"column":12},"end":{"line":244,"column":12}},{"start":{"line":244,"column":12},"end":{"line":244,"column":12}}]},"19":{"line":245,"type":"if","locations":[{"start":{"line":245,"column":12},"end":{"line":245,"column":12}},{"start":{"line":245,"column":12},"end":{"line":245,"column":12}}]},"20":{"line":267,"type":"if","locations":[{"start":{"line":267,"column":23},"end":{"line":267,"column":23}},{"start":{"line":267,"column":23},"end":{"line":267,"column":23}}]},"21":{"line":268,"type":"if","locations":[{"start":{"line":268,"column":8},"end":{"line":268,"column":8}},{"start":{"line":268,"column":8},"end":{"line":268,"column":8}}]},"22":{"line":269,"type":"if","locations":[{"start":{"line":269,"column":8},"end":{"line":269,"column":8}},{"start":{"line":269,"column":8},"end":{"line":269,"column":8}}]},"23":{"line":270,"type":"if","locations":[{"start":{"line":270,"column":8},"end":{"line":270,"column":8}},{"start":{"line":270,"column":8},"end":{"line":270,"column":8}}]},"24":{"line":308,"type":"if","locations":[{"start":{"line":308,"column":64},"end":{"line":308,"column":64}},{"start":{"line":308,"column":64},"end":{"line":308,"column":64}}]},"25":{"line":310,"type":"if","locations":[{"start":{"line":310,"column":8},"end":{"line":310,"column":8}},{"start":{"line":310,"column":8},"end":{"line":310,"column":8}}]},"26":{"line":319,"type":"if","locations":[{"start":{"line":319,"column":8},"end":{"line":319,"column":8}},{"start":{"line":319,"column":8},"end":{"line":319,"column":8}}]},"27":{"line":320,"type":"if","locations":[{"start":{"line":320,"column":12},"end":{"line":320,"column":12}},{"start":{"line":320,"column":12},"end":{"line":320,"column":12}}]},"28":{"line":321,"type":"if","locations":[{"start":{"line":321,"column":16},"end":{"line":321,"column":16}},{"start":{"line":321,"column":16},"end":{"line":321,"column":16}}]},"29":{"line":360,"type":"if","locations":[{"start":{"line":360,"column":12},"end":{"line":360,"column":12}},{"start":{"line":360,"column":12},"end":{"line":360,"column":12}}]},"30":{"line":361,"type":"if","locations":[{"start":{"line":361,"column":16},"end":{"line":361,"column":16}},{"start":{"line":361,"column":16},"end":{"line":361,"column":16}}]},"31":{"line":405,"type":"if","locations":[{"start":{"line":405,"column":12},"end":{"line":405,"column":12}},{"start":{"line":405,"column":12},"end":{"line":405,"column":12}}]},"32":{"line":421,"type":"if","locations":[{"start":{"line":421,"column":12},"end":{"line":421,"column":12}},{"start":{"line":421,"column":12},"end":{"line":421,"column":12}}]},"33":{"line":429,"type":"if","locations":[{"start":{"line":429,"column":12},"end":{"line":429,"column":12}},{"start":{"line":429,"column":12},"end":{"line":429,"column":12}}]},"34":{"line":444,"type":"if","locations":[{"start":{"line":444,"column":12},"end":{"line":444,"column":12}},{"start":{"line":444,"column":12},"end":{"line":444,"column":12}}]},"35":{"line":452,"type":"if","locations":[{"start":{"line":452,"column":12},"end":{"line":452,"column":12}},{"start":{"line":452,"column":12},"end":{"line":452,"column":12}}]}}},"contracts\\DPNFT.sol":{"l":{"27":96,"28":96,"42":119,"46":0,"52":0,"58":0,"62":0,"66":0,"70":0,"78":49,"91":47,"92":47,"93":47,"94":47,"95":47,"108":0,"110":0,"115":0,"116":0,"117":0,"118":0,"119":0,"120":0,"121":0,"123":0,"134":0,"138":0,"149":0,"150":0,"152":0,"153":0,"156":0,"163":41,"164":41,"165":41,"166":41},"path":"C:\\Users\\ndtr2\\Documents\\Workstation\\VAR\\Code\\DPMarketPlace\\contracts\\DPNFT.sol","s":{"1":96,"2":119,"3":0,"4":0,"5":0,"6":0,"7":0,"8":49,"9":47,"10":47,"11":47,"12":47,"13":47,"14":0,"15":0,"16":0,"17":0,"18":0,"19":0,"20":0,"21":0,"22":0,"23":0,"24":0,"25":0,"26":0,"27":0,"28":0,"29":41,"30":41,"31":41},"b":{"1":[96,0],"2":[0,0],"3":[49,0],"4":[47,0],"5":[0,0],"6":[0,0],"7":[0,0],"8":[41,0],"9":[41,0]},"f":{"1":99,"2":96,"3":119,"4":0,"5":0,"6":0,"7":0,"8":0,"9":0,"10":49,"11":47,"12":0,"13":0,"14":0,"15":41},"fnMap":{"1":{"name":"constructor","line":24,"loc":{"start":{"line":24,"column":4},"end":{"line":24,"column":46}}},"2":{"name":"onlyAdministrator","line":26,"loc":{"start":{"line":26,"column":4},"end":{"line":29,"column":4}}},"3":{"name":"_beforeTokenTransfer","line":37,"loc":{"start":{"line":37,"column":4},"end":{"line":43,"column":4}}},"4":{"name":"_baseURI","line":45,"loc":{"start":{"line":45,"column":4},"end":{"line":47,"column":4}}},"5":{"name":"tokenURI","line":49,"loc":{"start":{"line":49,"column":4},"end":{"line":53,"column":4}}},"6":{"name":"supportsInterface","line":55,"loc":{"start":{"line":55,"column":4},"end":{"line":59,"column":4}}},"7":{"name":"_setBaseURI","line":61,"loc":{"start":{"line":61,"column":4},"end":{"line":63,"column":4}}},"8":{"name":"baseURI","line":65,"loc":{"start":{"line":65,"column":4},"end":{"line":67,"column":4}}},"9":{"name":"setURIPrefix","line":69,"loc":{"start":{"line":69,"column":4},"end":{"line":71,"column":4}}},"10":{"name":"administratorApprove","line":77,"loc":{"start":{"line":77,"column":4},"end":{"line":79,"column":4}}},"11":{"name":"mint","line":90,"loc":{"start":{"line":87,"column":4},"end":{"line":96,"column":4}}},"12":{"name":"mintBatch","line":107,"loc":{"start":{"line":104,"column":4},"end":{"line":124,"column":4}}},"13":{"name":"_burn","line":130,"loc":{"start":{"line":130,"column":4},"end":{"line":139,"column":4}}},"14":{"name":"tokensOfOwner","line":146,"loc":{"start":{"line":146,"column":4},"end":{"line":157,"column":4}}},"15":{"name":"setAdministratorStatus","line":162,"loc":{"start":{"line":159,"column":4},"end":{"line":167,"column":4}}}},"statementMap":{"1":{"start":{"line":27,"column":8},"end":{"line":27,"column":58}},"2":{"start":{"line":42,"column":8},"end":{"line":42,"column":52}},"3":{"start":{"line":46,"column":8},"end":{"line":46,"column":23}},"4":{"start":{"line":52,"column":8},"end":{"line":52,"column":38}},"5":{"start":{"line":58,"column":8},"end":{"line":58,"column":51}},"6":{"start":{"line":66,"column":8},"end":{"line":66,"column":25}},"7":{"start":{"line":70,"column":8},"end":{"line":70,"column":27}},"8":{"start":{"line":78,"column":8},"end":{"line":78,"column":38}},"9":{"start":{"line":91,"column":8},"end":{"line":91,"column":43}},"10":{"start":{"line":92,"column":8},"end":{"line":92,"column":35}},"11":{"start":{"line":93,"column":8},"end":{"line":93,"column":33}},"12":{"start":{"line":94,"column":8},"end":{"line":94,"column":53}},"13":{"start":{"line":95,"column":8},"end":{"line":95,"column":22}},"14":{"start":{"line":108,"column":8},"end":{"line":108,"column":41}},"15":{"start":{"line":110,"column":8},"end":{"line":110,"column":3272}},"16":{"start":{"line":115,"column":8},"end":{"line":115,"column":58}},"17":{"start":{"line":116,"column":8},"end":{"line":116,"column":3461}},"18":{"start":{"line":117,"column":12},"end":{"line":117,"column":47}},"19":{"start":{"line":118,"column":12},"end":{"line":118,"column":43}},"20":{"start":{"line":119,"column":12},"end":{"line":119,"column":41}},"21":{"start":{"line":120,"column":12},"end":{"line":120,"column":61}},"22":{"start":{"line":123,"column":8},"end":{"line":123,"column":24}},"23":{"start":{"line":134,"column":8},"end":{"line":134,"column":4082}},"24":{"start":{"line":138,"column":8},"end":{"line":138,"column":21}},"25":{"start":{"line":149,"column":8},"end":{"line":149,"column":42}},"26":{"start":{"line":150,"column":8},"end":{"line":150,"column":56}},"27":{"start":{"line":152,"column":8},"end":{"line":152,"column":4660}},"28":{"start":{"line":156,"column":8},"end":{"line":156,"column":21}},"29":{"start":{"line":163,"column":8},"end":{"line":163,"column":48}},"30":{"start":{"line":164,"column":8},"end":{"line":164,"column":49}},"31":{"start":{"line":166,"column":8},"end":{"line":166,"column":57}}},"branchMap":{"1":{"line":27,"type":"if","locations":[{"start":{"line":27,"column":8},"end":{"line":27,"column":8}},{"start":{"line":27,"column":8},"end":{"line":27,"column":8}}]},"2":{"line":69,"type":"if","locations":[{"start":{"line":69,"column":56},"end":{"line":69,"column":56}},{"start":{"line":69,"column":56},"end":{"line":69,"column":56}}]},"3":{"line":77,"type":"if","locations":[{"start":{"line":77,"column":60},"end":{"line":77,"column":60}},{"start":{"line":77,"column":60},"end":{"line":77,"column":60}}]},"4":{"line":90,"type":"if","locations":[{"start":{"line":90,"column":13},"end":{"line":90,"column":13}},{"start":{"line":90,"column":13},"end":{"line":90,"column":13}}]},"5":{"line":107,"type":"if","locations":[{"start":{"line":107,"column":13},"end":{"line":107,"column":13}},{"start":{"line":107,"column":13},"end":{"line":107,"column":13}}]},"6":{"line":110,"type":"if","locations":[{"start":{"line":110,"column":8},"end":{"line":110,"column":8}},{"start":{"line":110,"column":8},"end":{"line":110,"column":8}}]},"7":{"line":134,"type":"if","locations":[{"start":{"line":134,"column":8},"end":{"line":134,"column":8}},{"start":{"line":134,"column":8},"end":{"line":134,"column":8}}]},"8":{"line":162,"type":"if","locations":[{"start":{"line":162,"column":15},"end":{"line":162,"column":15}},{"start":{"line":162,"column":15},"end":{"line":162,"column":15}}]},"9":{"line":164,"type":"if","locations":[{"start":{"line":164,"column":8},"end":{"line":164,"column":8}},{"start":{"line":164,"column":8},"end":{"line":164,"column":8}}]}}},"contracts\\libraries\\PriceConverter.sol":{"l":{"10":0,"12":0,"14":0,"23":0,"24":0,"26":0,"31":0,"32":0,"33":0,"34":0,"35":0,"39":0,"40":0,"41":0,"42":0,"43":0},"path":"C:\\Users\\ndtr2\\Documents\\Workstation\\VAR\\Code\\DPMarketPlace\\contracts\\libraries\\PriceConverter.sol","s":{"1":0,"2":0,"3":0,"4":0,"5":0,"6":0,"7":0,"8":0,"9":0,"10":0,"11":0,"12":0,"13":0,"14":0,"15":0,"16":0},"b":{},"f":{"1":0,"2":0,"3":0,"4":0},"fnMap":{"1":{"name":"getPrice","line":9,"loc":{"start":{"line":9,"column":4},"end":{"line":15,"column":4}}},"2":{"name":"getConversionRate","line":18,"loc":{"start":{"line":18,"column":4},"end":{"line":27,"column":4}}},"3":{"name":"getOrgUsdMatic","line":30,"loc":{"start":{"line":30,"column":4},"end":{"line":36,"column":4}}},"4":{"name":"getUsdMatic","line":38,"loc":{"start":{"line":38,"column":4},"end":{"line":44,"column":4}}}},"statementMap":{"1":{"start":{"line":10,"column":8},"end":{"line":10,"column":107}},"2":{"start":{"line":12,"column":8},"end":{"line":12,"column":61}},"3":{"start":{"line":14,"column":8},"end":{"line":14,"column":37}},"4":{"start":{"line":23,"column":8},"end":{"line":23,"column":37}},"5":{"start":{"line":24,"column":8},"end":{"line":24,"column":62}},"6":{"start":{"line":26,"column":8},"end":{"line":26,"column":29}},"7":{"start":{"line":31,"column":8},"end":{"line":31,"column":38}},"8":{"start":{"line":32,"column":8},"end":{"line":32,"column":57}},"9":{"start":{"line":33,"column":8},"end":{"line":33,"column":37}},"10":{"start":{"line":34,"column":8},"end":{"line":34,"column":51}},"11":{"start":{"line":35,"column":8},"end":{"line":35,"column":19}},"12":{"start":{"line":39,"column":8},"end":{"line":39,"column":38}},"13":{"start":{"line":40,"column":8},"end":{"line":40,"column":57}},"14":{"start":{"line":41,"column":8},"end":{"line":41,"column":37}},"15":{"start":{"line":42,"column":8},"end":{"line":42,"column":51}},"16":{"start":{"line":43,"column":8},"end":{"line":43,"column":31}}},"branchMap":{}},"contracts\\libraries\\PriceConverterTest.sol":{"l":{"7":88,"9":88,"16":0,"17":0,"19":0,"23":62,"24":62,"25":62,"26":62,"27":62,"31":26,"32":26,"33":26,"34":26,"35":26},"path":"C:\\Users\\ndtr2\\Documents\\Workstation\\VAR\\Code\\DPMarketPlace\\contracts\\libraries\\PriceConverterTest.sol","s":{"1":88,"2":88,"3":0,"4":0,"5":0,"6":62,"7":62,"8":62,"9":62,"10":62,"11":26,"12":26,"13":26,"14":26,"15":26},"b":{},"f":{"1":88,"2":0,"3":62,"4":26},"fnMap":{"1":{"name":"getPrice","line":6,"loc":{"start":{"line":6,"column":4},"end":{"line":10,"column":4}}},"2":{"name":"getConversionRate","line":13,"loc":{"start":{"line":13,"column":4},"end":{"line":20,"column":4}}},"3":{"name":"getOrgUsdMatic","line":22,"loc":{"start":{"line":22,"column":4},"end":{"line":28,"column":4}}},"4":{"name":"getUsdMatic","line":30,"loc":{"start":{"line":30,"column":4},"end":{"line":36,"column":4}}}},"statementMap":{"1":{"start":{"line":7,"column":8},"end":{"line":7,"column":29}},"2":{"start":{"line":9,"column":8},"end":{"line":9,"column":37}},"3":{"start":{"line":16,"column":8},"end":{"line":16,"column":37}},"4":{"start":{"line":17,"column":8},"end":{"line":17,"column":62}},"5":{"start":{"line":19,"column":8},"end":{"line":19,"column":29}},"6":{"start":{"line":23,"column":8},"end":{"line":23,"column":37}},"7":{"start":{"line":24,"column":8},"end":{"line":24,"column":55}},"8":{"start":{"line":25,"column":8},"end":{"line":25,"column":36}},"9":{"start":{"line":26,"column":8},"end":{"line":26,"column":50}},"10":{"start":{"line":27,"column":8},"end":{"line":27,"column":19}},"11":{"start":{"line":31,"column":8},"end":{"line":31,"column":37}},"12":{"start":{"line":32,"column":8},"end":{"line":32,"column":55}},"13":{"start":{"line":33,"column":8},"end":{"line":33,"column":36}},"14":{"start":{"line":34,"column":8},"end":{"line":34,"column":50}},"15":{"start":{"line":35,"column":8},"end":{"line":35,"column":33}}},"branchMap":{}}}