{"contracts\\DPMarketplaceC1.sol":{"l":{"72":98,"73":94,"84":126,"85":126,"86":126,"87":126,"88":126,"92":1,"98":1,"105":87,"109":86,"110":86,"114":2,"115":1,"116":1,"130":44,"135":43,"137":43,"138":3,"141":43,"151":41,"164":43,"165":42,"167":41,"169":41,"183":41,"184":41,"185":41,"206":16,"207":4,"212":1,"213":1,"214":1,"215":1,"217":12,"221":11,"222":10,"227":9,"228":9,"229":9,"230":9,"231":9,"232":9,"233":9,"245":4,"246":3,"247":2,"252":1,"254":1,"268":1,"269":1,"270":1,"289":29,"294":28,"296":28,"300":28,"301":25,"303":3,"310":26,"311":26,"312":26,"313":26,"315":26,"316":22,"317":20,"318":19,"319":19,"323":19,"326":20,"327":20,"331":20,"335":20,"337":20,"339":2,"343":2,"348":2,"350":22,"351":20,"352":20,"353":20,"355":2,"356":2,"357":2,"360":22,"362":4,"363":3,"364":2,"371":1,"378":4,"382":4,"386":4,"391":4,"392":3,"393":3,"394":3,"395":3,"397":1,"398":1,"399":1,"400":1,"403":4,"406":26,"407":26,"409":26,"410":26,"412":26,"416":3,"424":3,"425":2,"426":2,"427":2,"428":2,"429":2,"430":1,"433":3,"437":54,"442":2,"448":2,"450":2,"454":2,"458":42,"462":42,"468":49,"475":2,"479":2,"483":1,"484":1,"485":1,"487":1,"488":1,"489":3,"490":3,"491":2,"492":2,"493":2,"496":1,"500":1,"501":1,"502":1,"504":1,"505":3,"506":3,"507":2,"511":1,"512":1,"513":3,"514":3,"515":2,"516":2,"517":2,"520":1,"524":1,"525":1,"526":1,"528":1,"529":3,"530":2,"534":1,"535":1,"536":3,"537":3,"538":2,"539":2,"540":2,"543":1},"path":"C:\\Users\\ndtr2\\Documents\\Workstation\\VAR\\Code\\DPMarketPlace\\contracts\\DPMarketplaceC1.sol","s":{"1":98,"2":1,"3":87,"4":86,"5":2,"6":1,"7":44,"8":43,"9":43,"10":43,"11":41,"12":43,"13":42,"14":41,"15":41,"16":41,"17":41,"18":16,"19":4,"20":1,"21":1,"22":12,"23":11,"24":10,"25":9,"26":9,"27":9,"28":4,"29":3,"30":2,"31":1,"32":1,"33":1,"34":1,"35":29,"36":28,"37":28,"38":28,"39":25,"40":3,"41":26,"42":26,"43":26,"44":26,"45":26,"46":22,"47":20,"48":19,"49":19,"50":20,"51":20,"52":22,"53":20,"54":20,"55":20,"56":2,"57":2,"58":2,"59":22,"60":4,"61":3,"62":4,"63":3,"64":3,"65":3,"66":3,"67":1,"68":1,"69":1,"70":1,"71":4,"72":26,"73":3,"74":3,"75":2,"76":1,"77":3,"78":54,"79":2,"80":2,"81":2,"82":2,"83":42,"84":42,"85":49,"86":2,"87":2,"88":1,"89":1,"90":1,"91":1,"92":1,"93":3,"94":3,"95":2,"96":1,"97":1,"98":1,"99":1,"100":1,"101":3,"102":3,"103":1,"104":1,"105":3,"106":3,"107":2,"108":1,"109":1,"110":1,"111":1,"112":1,"113":3,"114":1,"115":1,"116":3,"117":3,"118":2,"119":1},"b":{"1":[94,4],"2":[2,0],"3":[1,1],"4":[2,0],"5":[1,1],"6":[87,1],"7":[86,1],"8":[2,0],"9":[1,1],"10":[44,0],"11":[43,1],"12":[3,40],"13":[42,1],"14":[41,1],"15":[16,0],"16":[4,12],"17":[1,3],"18":[11,1],"19":[10,1],"20":[9,1],"21":[4,0],"22":[3,1],"23":[2,1],"24":[1,1],"25":[29,0],"26":[28,1],"27":[25,3],"28":[23,2],"29":[22,4],"30":[20,2],"31":[19,1],"32":[20,2],"33":[3,1],"34":[2,1],"35":[3,1],"36":[3,1],"37":[3,0],"38":[2,1],"39":[1,1],"40":[2,1],"41":[2,1],"42":[2,1],"43":[2,1],"44":[2,1]},"f":{"1":98,"2":126,"3":1,"4":1,"5":87,"6":2,"7":44,"8":43,"9":16,"10":4,"11":29,"12":3,"13":3,"14":54,"15":2,"16":2,"17":2,"18":42,"19":42,"20":49,"21":2,"22":1,"23":1,"24":1},"fnMap":{"1":{"name":"onlyOwner","line":71,"loc":{"start":{"line":71,"column":4},"end":{"line":74,"column":4}}},"2":{"name":"constructor","line":78,"loc":{"start":{"line":78,"column":4},"end":{"line":89,"column":4}}},"3":{"name":"withdraw","line":91,"loc":{"start":{"line":91,"column":4},"end":{"line":93,"column":4}}},"4":{"name":"updateListingPriceSecondary","line":97,"loc":{"start":{"line":95,"column":4},"end":{"line":99,"column":4}}},"5":{"name":"setPaymentMethod","line":104,"loc":{"start":{"line":101,"column":4},"end":{"line":111,"column":4}}},"6":{"name":"removePaymentMethod","line":113,"loc":{"start":{"line":113,"column":4},"end":{"line":117,"column":4}}},"7":{"name":"createToken","line":129,"loc":{"start":{"line":120,"column":4},"end":{"line":152,"column":4}}},"8":{"name":"createMarketItem","line":154,"loc":{"start":{"line":154,"column":4},"end":{"line":198,"column":4}}},"9":{"name":"resellToken","line":205,"loc":{"start":{"line":200,"column":4},"end":{"line":235,"column":4}}},"10":{"name":"createExternalMintedItem","line":244,"loc":{"start":{"line":237,"column":4},"end":{"line":283,"column":4}}},"11":{"name":"createMarketSale","line":288,"loc":{"start":{"line":285,"column":4},"end":{"line":413,"column":4}}},"12":{"name":"approveAddress","line":415,"loc":{"start":{"line":415,"column":4},"end":{"line":417,"column":4}}},"13":{"name":"transferNFTTo","line":423,"loc":{"start":{"line":419,"column":4},"end":{"line":434,"column":4}}},"14":{"name":"_approveAddress","line":436,"loc":{"start":{"line":436,"column":4},"end":{"line":438,"column":4}}},"15":{"name":"getPaymentMethods","line":441,"loc":{"start":{"line":441,"column":4},"end":{"line":443,"column":4}}},"16":{"name":"getPaymentMethodDetail","line":445,"loc":{"start":{"line":445,"column":4},"end":{"line":451,"column":4}}},"17":{"name":"getItemSold","line":453,"loc":{"start":{"line":453,"column":4},"end":{"line":455,"column":4}}},"18":{"name":"getListingPrice","line":457,"loc":{"start":{"line":457,"column":4},"end":{"line":459,"column":4}}},"19":{"name":"getListingPriceSecondary","line":461,"loc":{"start":{"line":461,"column":4},"end":{"line":463,"column":4}}},"20":{"name":"getMarketItem","line":465,"loc":{"start":{"line":465,"column":4},"end":{"line":469,"column":4}}},"21":{"name":"getUsdTokenPrice","line":471,"loc":{"start":{"line":471,"column":4},"end":{"line":480,"column":4}}},"22":{"name":"fetchMarketItems","line":482,"loc":{"start":{"line":482,"column":4},"end":{"line":497,"column":4}}},"23":{"name":"fetchMyNFTs","line":499,"loc":{"start":{"line":499,"column":4},"end":{"line":521,"column":4}}},"24":{"name":"fetchItemsListed","line":523,"loc":{"start":{"line":523,"column":4},"end":{"line":544,"column":4}}}},"statementMap":{"1":{"start":{"line":72,"column":8},"end":{"line":72,"column":58}},"2":{"start":{"line":92,"column":8},"end":{"line":92,"column":58}},"3":{"start":{"line":105,"column":8},"end":{"line":105,"column":2930}},"4":{"start":{"line":109,"column":8},"end":{"line":109,"column":34}},"5":{"start":{"line":114,"column":8},"end":{"line":114,"column":74}},"6":{"start":{"line":115,"column":8},"end":{"line":115,"column":37}},"7":{"start":{"line":130,"column":8},"end":{"line":130,"column":3788}},"8":{"start":{"line":135,"column":8},"end":{"line":135,"column":59}},"9":{"start":{"line":137,"column":8},"end":{"line":137,"column":3978}},"10":{"start":{"line":141,"column":8},"end":{"line":141,"column":4066}},"11":{"start":{"line":151,"column":8},"end":{"line":151,"column":25}},"12":{"start":{"line":164,"column":8},"end":{"line":164,"column":57}},"13":{"start":{"line":165,"column":8},"end":{"line":165,"column":74}},"14":{"start":{"line":167,"column":8},"end":{"line":167,"column":35}},"15":{"start":{"line":183,"column":8},"end":{"line":183,"column":31}},"16":{"start":{"line":184,"column":8},"end":{"line":184,"column":59}},"17":{"start":{"line":185,"column":8},"end":{"line":185,"column":5263}},"18":{"start":{"line":206,"column":8},"end":{"line":206,"column":5752}},"19":{"start":{"line":207,"column":12},"end":{"line":207,"column":5784}},"20":{"start":{"line":214,"column":12},"end":{"line":214,"column":33}},"21":{"start":{"line":215,"column":12},"end":{"line":215,"column":63}},"22":{"start":{"line":217,"column":12},"end":{"line":217,"column":6230}},"23":{"start":{"line":221,"column":12},"end":{"line":221,"column":69}},"24":{"start":{"line":222,"column":12},"end":{"line":222,"column":6442}},"25":{"start":{"line":231,"column":12},"end":{"line":231,"column":33}},"26":{"start":{"line":232,"column":12},"end":{"line":232,"column":35}},"27":{"start":{"line":233,"column":12},"end":{"line":233,"column":63}},"28":{"start":{"line":245,"column":8},"end":{"line":245,"column":65}},"29":{"start":{"line":246,"column":8},"end":{"line":246,"column":73}},"30":{"start":{"line":247,"column":8},"end":{"line":247,"column":7366}},"31":{"start":{"line":252,"column":8},"end":{"line":252,"column":35}},"32":{"start":{"line":268,"column":8},"end":{"line":268,"column":31}},"33":{"start":{"line":269,"column":8},"end":{"line":269,"column":59}},"34":{"start":{"line":270,"column":8},"end":{"line":270,"column":7958}},"35":{"start":{"line":289,"column":8},"end":{"line":289,"column":8384}},"36":{"start":{"line":294,"column":8},"end":{"line":294,"column":56}},"37":{"start":{"line":296,"column":8},"end":{"line":296,"column":8574}},"38":{"start":{"line":300,"column":8},"end":{"line":300,"column":8713}},"39":{"start":{"line":301,"column":12},"end":{"line":301,"column":63}},"40":{"start":{"line":303,"column":12},"end":{"line":303,"column":8849}},"41":{"start":{"line":310,"column":8},"end":{"line":310,"column":31}},"42":{"start":{"line":311,"column":8},"end":{"line":311,"column":30}},"43":{"start":{"line":312,"column":8},"end":{"line":312,"column":36}},"44":{"start":{"line":313,"column":8},"end":{"line":313,"column":29}},"45":{"start":{"line":315,"column":8},"end":{"line":315,"column":9143}},"46":{"start":{"line":316,"column":12},"end":{"line":316,"column":9192}},"47":{"start":{"line":317,"column":16},"end":{"line":317,"column":9246}},"48":{"start":{"line":318,"column":20},"end":{"line":318,"column":74}},"49":{"start":{"line":319,"column":20},"end":{"line":319,"column":9401}},"50":{"start":{"line":326,"column":16},"end":{"line":326,"column":49}},"51":{"start":{"line":327,"column":16},"end":{"line":327,"column":9713}},"52":{"start":{"line":350,"column":12},"end":{"line":350,"column":10725}},"53":{"start":{"line":351,"column":16},"end":{"line":351,"column":60}},"54":{"start":{"line":352,"column":16},"end":{"line":352,"column":60}},"55":{"start":{"line":353,"column":16},"end":{"line":353,"column":58}},"56":{"start":{"line":355,"column":16},"end":{"line":355,"column":73}},"57":{"start":{"line":356,"column":16},"end":{"line":356,"column":73}},"58":{"start":{"line":357,"column":16},"end":{"line":357,"column":71}},"59":{"start":{"line":360,"column":12},"end":{"line":360,"column":33}},"60":{"start":{"line":362,"column":12},"end":{"line":362,"column":11285}},"61":{"start":{"line":363,"column":16},"end":{"line":363,"column":11344}},"62":{"start":{"line":391,"column":12},"end":{"line":391,"column":12438}},"63":{"start":{"line":392,"column":16},"end":{"line":392,"column":60}},"64":{"start":{"line":393,"column":16},"end":{"line":393,"column":57}},"65":{"start":{"line":394,"column":16},"end":{"line":394,"column":60}},"66":{"start":{"line":395,"column":16},"end":{"line":395,"column":58}},"67":{"start":{"line":397,"column":16},"end":{"line":397,"column":73}},"68":{"start":{"line":398,"column":16},"end":{"line":398,"column":70}},"69":{"start":{"line":399,"column":16},"end":{"line":399,"column":73}},"70":{"start":{"line":400,"column":16},"end":{"line":400,"column":71}},"71":{"start":{"line":403,"column":12},"end":{"line":403,"column":33}},"72":{"start":{"line":412,"column":8},"end":{"line":412,"column":59}},"73":{"start":{"line":416,"column":8},"end":{"line":416,"column":32}},"74":{"start":{"line":424,"column":8},"end":{"line":424,"column":13655}},"75":{"start":{"line":429,"column":12},"end":{"line":429,"column":13946}},"76":{"start":{"line":430,"column":16},"end":{"line":430,"column":37}},"77":{"start":{"line":433,"column":8},"end":{"line":433,"column":44}},"78":{"start":{"line":437,"column":8},"end":{"line":437,"column":41}},"79":{"start":{"line":442,"column":8},"end":{"line":442,"column":39}},"80":{"start":{"line":448,"column":8},"end":{"line":448,"column":59}},"81":{"start":{"line":450,"column":8},"end":{"line":450,"column":57}},"82":{"start":{"line":454,"column":8},"end":{"line":454,"column":35}},"83":{"start":{"line":458,"column":8},"end":{"line":458,"column":27}},"84":{"start":{"line":462,"column":8},"end":{"line":462,"column":36}},"85":{"start":{"line":468,"column":8},"end":{"line":468,"column":43}},"86":{"start":{"line":475,"column":8},"end":{"line":475,"column":15263}},"87":{"start":{"line":479,"column":8},"end":{"line":479,"column":21}},"88":{"start":{"line":483,"column":8},"end":{"line":483,"column":49}},"89":{"start":{"line":484,"column":8},"end":{"line":484,"column":63}},"90":{"start":{"line":485,"column":8},"end":{"line":485,"column":29}},"91":{"start":{"line":487,"column":8},"end":{"line":487,"column":69}},"92":{"start":{"line":488,"column":8},"end":{"line":488,"column":15755}},"93":{"start":{"line":489,"column":12},"end":{"line":489,"column":50}},"94":{"start":{"line":490,"column":12},"end":{"line":490,"column":15864}},"95":{"start":{"line":491,"column":16},"end":{"line":491,"column":74}},"96":{"start":{"line":496,"column":8},"end":{"line":496,"column":20}},"97":{"start":{"line":500,"column":8},"end":{"line":500,"column":54}},"98":{"start":{"line":501,"column":8},"end":{"line":501,"column":26}},"99":{"start":{"line":502,"column":8},"end":{"line":502,"column":29}},"100":{"start":{"line":504,"column":8},"end":{"line":504,"column":16331}},"101":{"start":{"line":505,"column":12},"end":{"line":505,"column":50}},"102":{"start":{"line":506,"column":12},"end":{"line":506,"column":16445}},"103":{"start":{"line":511,"column":8},"end":{"line":511,"column":63}},"104":{"start":{"line":512,"column":8},"end":{"line":512,"column":16621}},"105":{"start":{"line":513,"column":12},"end":{"line":513,"column":50}},"106":{"start":{"line":514,"column":12},"end":{"line":514,"column":16735}},"107":{"start":{"line":515,"column":16},"end":{"line":515,"column":74}},"108":{"start":{"line":520,"column":8},"end":{"line":520,"column":20}},"109":{"start":{"line":524,"column":8},"end":{"line":524,"column":54}},"110":{"start":{"line":525,"column":8},"end":{"line":525,"column":26}},"111":{"start":{"line":526,"column":8},"end":{"line":526,"column":29}},"112":{"start":{"line":528,"column":8},"end":{"line":528,"column":17204}},"113":{"start":{"line":529,"column":12},"end":{"line":529,"column":17265}},"114":{"start":{"line":534,"column":8},"end":{"line":534,"column":63}},"115":{"start":{"line":535,"column":8},"end":{"line":535,"column":17463}},"116":{"start":{"line":536,"column":12},"end":{"line":536,"column":50}},"117":{"start":{"line":537,"column":12},"end":{"line":537,"column":17577}},"118":{"start":{"line":538,"column":16},"end":{"line":538,"column":74}},"119":{"start":{"line":543,"column":8},"end":{"line":543,"column":20}}},"branchMap":{"1":{"line":72,"type":"if","locations":[{"start":{"line":72,"column":8},"end":{"line":72,"column":8}},{"start":{"line":72,"column":8},"end":{"line":72,"column":8}}]},"2":{"line":91,"type":"if","locations":[{"start":{"line":91,"column":41},"end":{"line":91,"column":41}},{"start":{"line":91,"column":41},"end":{"line":91,"column":41}}]},"3":{"line":91,"type":"if","locations":[{"start":{"line":91,"column":54},"end":{"line":91,"column":54}},{"start":{"line":91,"column":54},"end":{"line":91,"column":54}}]},"4":{"line":97,"type":"if","locations":[{"start":{"line":97,"column":21},"end":{"line":97,"column":21}},{"start":{"line":97,"column":21},"end":{"line":97,"column":21}}]},"5":{"line":97,"type":"if","locations":[{"start":{"line":97,"column":34},"end":{"line":97,"column":34}},{"start":{"line":97,"column":34},"end":{"line":97,"column":34}}]},"6":{"line":104,"type":"if","locations":[{"start":{"line":104,"column":15},"end":{"line":104,"column":15}},{"start":{"line":104,"column":15},"end":{"line":104,"column":15}}]},"7":{"line":105,"type":"if","locations":[{"start":{"line":105,"column":8},"end":{"line":105,"column":8}},{"start":{"line":105,"column":8},"end":{"line":105,"column":8}}]},"8":{"line":113,"type":"if","locations":[{"start":{"line":113,"column":58},"end":{"line":113,"column":58}},{"start":{"line":113,"column":58},"end":{"line":113,"column":58}}]},"9":{"line":114,"type":"if","locations":[{"start":{"line":114,"column":8},"end":{"line":114,"column":8}},{"start":{"line":114,"column":8},"end":{"line":114,"column":8}}]},"10":{"line":129,"type":"if","locations":[{"start":{"line":129,"column":23},"end":{"line":129,"column":23}},{"start":{"line":129,"column":23},"end":{"line":129,"column":23}}]},"11":{"line":130,"type":"if","locations":[{"start":{"line":130,"column":8},"end":{"line":130,"column":8}},{"start":{"line":130,"column":8},"end":{"line":130,"column":8}}]},"12":{"line":137,"type":"if","locations":[{"start":{"line":137,"column":8},"end":{"line":137,"column":8}},{"start":{"line":137,"column":8},"end":{"line":137,"column":8}}]},"13":{"line":164,"type":"if","locations":[{"start":{"line":164,"column":8},"end":{"line":164,"column":8}},{"start":{"line":164,"column":8},"end":{"line":164,"column":8}}]},"14":{"line":165,"type":"if","locations":[{"start":{"line":165,"column":8},"end":{"line":165,"column":8}},{"start":{"line":165,"column":8},"end":{"line":165,"column":8}}]},"15":{"line":205,"type":"if","locations":[{"start":{"line":205,"column":23},"end":{"line":205,"column":23}},{"start":{"line":205,"column":23},"end":{"line":205,"column":23}}]},"16":{"line":206,"type":"if","locations":[{"start":{"line":206,"column":8},"end":{"line":206,"column":8}},{"start":{"line":206,"column":8},"end":{"line":206,"column":8}}]},"17":{"line":207,"type":"if","locations":[{"start":{"line":207,"column":12},"end":{"line":207,"column":12}},{"start":{"line":207,"column":12},"end":{"line":207,"column":12}}]},"18":{"line":217,"type":"if","locations":[{"start":{"line":217,"column":12},"end":{"line":217,"column":12}},{"start":{"line":217,"column":12},"end":{"line":217,"column":12}}]},"19":{"line":221,"type":"if","locations":[{"start":{"line":221,"column":12},"end":{"line":221,"column":12}},{"start":{"line":221,"column":12},"end":{"line":221,"column":12}}]},"20":{"line":222,"type":"if","locations":[{"start":{"line":222,"column":12},"end":{"line":222,"column":12}},{"start":{"line":222,"column":12},"end":{"line":222,"column":12}}]},"21":{"line":244,"type":"if","locations":[{"start":{"line":244,"column":23},"end":{"line":244,"column":23}},{"start":{"line":244,"column":23},"end":{"line":244,"column":23}}]},"22":{"line":245,"type":"if","locations":[{"start":{"line":245,"column":8},"end":{"line":245,"column":8}},{"start":{"line":245,"column":8},"end":{"line":245,"column":8}}]},"23":{"line":246,"type":"if","locations":[{"start":{"line":246,"column":8},"end":{"line":246,"column":8}},{"start":{"line":246,"column":8},"end":{"line":246,"column":8}}]},"24":{"line":247,"type":"if","locations":[{"start":{"line":247,"column":8},"end":{"line":247,"column":8}},{"start":{"line":247,"column":8},"end":{"line":247,"column":8}}]},"25":{"line":288,"type":"if","locations":[{"start":{"line":288,"column":23},"end":{"line":288,"column":23}},{"start":{"line":288,"column":23},"end":{"line":288,"column":23}}]},"26":{"line":289,"type":"if","locations":[{"start":{"line":289,"column":8},"end":{"line":289,"column":8}},{"start":{"line":289,"column":8},"end":{"line":289,"column":8}}]},"27":{"line":300,"type":"if","locations":[{"start":{"line":300,"column":8},"end":{"line":300,"column":8}},{"start":{"line":300,"column":8},"end":{"line":300,"column":8}}]},"28":{"line":301,"type":"if","locations":[{"start":{"line":301,"column":12},"end":{"line":301,"column":12}},{"start":{"line":301,"column":12},"end":{"line":301,"column":12}}]},"29":{"line":315,"type":"if","locations":[{"start":{"line":315,"column":8},"end":{"line":315,"column":8}},{"start":{"line":315,"column":8},"end":{"line":315,"column":8}}]},"30":{"line":316,"type":"if","locations":[{"start":{"line":316,"column":12},"end":{"line":316,"column":12}},{"start":{"line":316,"column":12},"end":{"line":316,"column":12}}]},"31":{"line":317,"type":"if","locations":[{"start":{"line":317,"column":16},"end":{"line":317,"column":16}},{"start":{"line":317,"column":16},"end":{"line":317,"column":16}}]},"32":{"line":350,"type":"if","locations":[{"start":{"line":350,"column":12},"end":{"line":350,"column":12}},{"start":{"line":350,"column":12},"end":{"line":350,"column":12}}]},"33":{"line":362,"type":"if","locations":[{"start":{"line":362,"column":12},"end":{"line":362,"column":12}},{"start":{"line":362,"column":12},"end":{"line":362,"column":12}}]},"34":{"line":363,"type":"if","locations":[{"start":{"line":363,"column":16},"end":{"line":363,"column":16}},{"start":{"line":363,"column":16},"end":{"line":363,"column":16}}]},"35":{"line":391,"type":"if","locations":[{"start":{"line":391,"column":12},"end":{"line":391,"column":12}},{"start":{"line":391,"column":12},"end":{"line":391,"column":12}}]},"36":{"line":415,"type":"if","locations":[{"start":{"line":415,"column":53},"end":{"line":415,"column":53}},{"start":{"line":415,"column":53},"end":{"line":415,"column":53}}]},"37":{"line":423,"type":"if","locations":[{"start":{"line":423,"column":15},"end":{"line":423,"column":15}},{"start":{"line":423,"column":15},"end":{"line":423,"column":15}}]},"38":{"line":424,"type":"if","locations":[{"start":{"line":424,"column":8},"end":{"line":424,"column":8}},{"start":{"line":424,"column":8},"end":{"line":424,"column":8}}]},"39":{"line":429,"type":"if","locations":[{"start":{"line":429,"column":12},"end":{"line":429,"column":12}},{"start":{"line":429,"column":12},"end":{"line":429,"column":12}}]},"40":{"line":490,"type":"if","locations":[{"start":{"line":490,"column":12},"end":{"line":490,"column":12}},{"start":{"line":490,"column":12},"end":{"line":490,"column":12}}]},"41":{"line":506,"type":"if","locations":[{"start":{"line":506,"column":12},"end":{"line":506,"column":12}},{"start":{"line":506,"column":12},"end":{"line":506,"column":12}}]},"42":{"line":514,"type":"if","locations":[{"start":{"line":514,"column":12},"end":{"line":514,"column":12}},{"start":{"line":514,"column":12},"end":{"line":514,"column":12}}]},"43":{"line":529,"type":"if","locations":[{"start":{"line":529,"column":12},"end":{"line":529,"column":12}},{"start":{"line":529,"column":12},"end":{"line":529,"column":12}}]},"44":{"line":537,"type":"if","locations":[{"start":{"line":537,"column":12},"end":{"line":537,"column":12}},{"start":{"line":537,"column":12},"end":{"line":537,"column":12}}]}}},"contracts\\DPNFT.sol":{"l":{"27":115,"28":113,"42":138,"46":2,"52":1,"58":2,"62":1,"66":1,"70":1,"78":54,"91":56,"92":56,"93":56,"94":56,"95":56,"108":3,"110":3,"115":1,"116":1,"117":2,"118":2,"120":1,"131":1,"135":1,"146":1,"147":1,"148":1,"149":1,"152":1,"159":61,"160":61,"161":61,"162":61},"path":"C:\\Users\\ndtr2\\Documents\\Workstation\\VAR\\Code\\DPMarketPlace\\contracts\\DPNFT.sol","s":{"1":115,"2":138,"3":2,"4":1,"5":2,"6":1,"7":1,"8":54,"9":56,"10":56,"11":56,"12":56,"13":56,"14":3,"15":3,"16":1,"17":1,"18":2,"19":1,"20":1,"21":1,"22":1,"23":1,"24":1,"25":1,"26":61,"27":61,"28":61},"b":{"1":[113,2],"2":[1,1],"3":[54,0],"4":[56,1],"5":[3,1],"6":[1,2],"7":[1,0],"8":[61,0],"9":[61,0]},"f":{"1":159,"2":115,"3":138,"4":2,"5":1,"6":2,"7":1,"8":1,"9":1,"10":54,"11":56,"12":3,"13":1,"14":1,"15":61},"fnMap":{"1":{"name":"constructor","line":24,"loc":{"start":{"line":24,"column":4},"end":{"line":24,"column":46}}},"2":{"name":"onlyAdministrator","line":26,"loc":{"start":{"line":26,"column":4},"end":{"line":29,"column":4}}},"3":{"name":"_beforeTokenTransfer","line":37,"loc":{"start":{"line":37,"column":4},"end":{"line":43,"column":4}}},"4":{"name":"_baseURI","line":45,"loc":{"start":{"line":45,"column":4},"end":{"line":47,"column":4}}},"5":{"name":"tokenURI","line":49,"loc":{"start":{"line":49,"column":4},"end":{"line":53,"column":4}}},"6":{"name":"supportsInterface","line":55,"loc":{"start":{"line":55,"column":4},"end":{"line":59,"column":4}}},"7":{"name":"_setBaseURI","line":61,"loc":{"start":{"line":61,"column":4},"end":{"line":63,"column":4}}},"8":{"name":"baseURI","line":65,"loc":{"start":{"line":65,"column":4},"end":{"line":67,"column":4}}},"9":{"name":"setURIPrefix","line":69,"loc":{"start":{"line":69,"column":4},"end":{"line":71,"column":4}}},"10":{"name":"administratorApprove","line":77,"loc":{"start":{"line":77,"column":4},"end":{"line":79,"column":4}}},"11":{"name":"mint","line":90,"loc":{"start":{"line":87,"column":4},"end":{"line":96,"column":4}}},"12":{"name":"mintBatch","line":107,"loc":{"start":{"line":104,"column":4},"end":{"line":121,"column":4}}},"13":{"name":"_burn","line":127,"loc":{"start":{"line":127,"column":4},"end":{"line":136,"column":4}}},"14":{"name":"tokensOfOwner","line":143,"loc":{"start":{"line":143,"column":4},"end":{"line":153,"column":4}}},"15":{"name":"setAdministratorStatus","line":158,"loc":{"start":{"line":155,"column":4},"end":{"line":163,"column":4}}}},"statementMap":{"1":{"start":{"line":27,"column":8},"end":{"line":27,"column":65}},"2":{"start":{"line":42,"column":8},"end":{"line":42,"column":52}},"3":{"start":{"line":46,"column":8},"end":{"line":46,"column":23}},"4":{"start":{"line":52,"column":8},"end":{"line":52,"column":38}},"5":{"start":{"line":58,"column":8},"end":{"line":58,"column":51}},"6":{"start":{"line":66,"column":8},"end":{"line":66,"column":25}},"7":{"start":{"line":70,"column":8},"end":{"line":70,"column":27}},"8":{"start":{"line":78,"column":8},"end":{"line":78,"column":38}},"9":{"start":{"line":91,"column":8},"end":{"line":91,"column":43}},"10":{"start":{"line":92,"column":8},"end":{"line":92,"column":35}},"11":{"start":{"line":93,"column":8},"end":{"line":93,"column":33}},"12":{"start":{"line":94,"column":8},"end":{"line":94,"column":53}},"13":{"start":{"line":95,"column":8},"end":{"line":95,"column":22}},"14":{"start":{"line":108,"column":8},"end":{"line":108,"column":41}},"15":{"start":{"line":110,"column":8},"end":{"line":110,"column":3279}},"16":{"start":{"line":115,"column":8},"end":{"line":115,"column":58}},"17":{"start":{"line":116,"column":8},"end":{"line":116,"column":3468}},"18":{"start":{"line":117,"column":12},"end":{"line":117,"column":57}},"19":{"start":{"line":120,"column":8},"end":{"line":120,"column":24}},"20":{"start":{"line":131,"column":8},"end":{"line":131,"column":3942}},"21":{"start":{"line":135,"column":8},"end":{"line":135,"column":27}},"22":{"start":{"line":146,"column":8},"end":{"line":146,"column":42}},"23":{"start":{"line":147,"column":8},"end":{"line":147,"column":56}},"24":{"start":{"line":148,"column":8},"end":{"line":148,"column":4524}},"25":{"start":{"line":152,"column":8},"end":{"line":152,"column":21}},"26":{"start":{"line":159,"column":8},"end":{"line":159,"column":48}},"27":{"start":{"line":160,"column":8},"end":{"line":160,"column":49}},"28":{"start":{"line":162,"column":8},"end":{"line":162,"column":57}}},"branchMap":{"1":{"line":27,"type":"if","locations":[{"start":{"line":27,"column":8},"end":{"line":27,"column":8}},{"start":{"line":27,"column":8},"end":{"line":27,"column":8}}]},"2":{"line":69,"type":"if","locations":[{"start":{"line":69,"column":56},"end":{"line":69,"column":56}},{"start":{"line":69,"column":56},"end":{"line":69,"column":56}}]},"3":{"line":77,"type":"if","locations":[{"start":{"line":77,"column":60},"end":{"line":77,"column":60}},{"start":{"line":77,"column":60},"end":{"line":77,"column":60}}]},"4":{"line":90,"type":"if","locations":[{"start":{"line":90,"column":13},"end":{"line":90,"column":13}},{"start":{"line":90,"column":13},"end":{"line":90,"column":13}}]},"5":{"line":107,"type":"if","locations":[{"start":{"line":107,"column":13},"end":{"line":107,"column":13}},{"start":{"line":107,"column":13},"end":{"line":107,"column":13}}]},"6":{"line":110,"type":"if","locations":[{"start":{"line":110,"column":8},"end":{"line":110,"column":8}},{"start":{"line":110,"column":8},"end":{"line":110,"column":8}}]},"7":{"line":131,"type":"if","locations":[{"start":{"line":131,"column":8},"end":{"line":131,"column":8}},{"start":{"line":131,"column":8},"end":{"line":131,"column":8}}]},"8":{"line":158,"type":"if","locations":[{"start":{"line":158,"column":15},"end":{"line":158,"column":15}},{"start":{"line":158,"column":15},"end":{"line":158,"column":15}}]},"9":{"line":160,"type":"if","locations":[{"start":{"line":160,"column":8},"end":{"line":160,"column":8}},{"start":{"line":160,"column":8},"end":{"line":160,"column":8}}]}}},"contracts\\libraries\\AggregatorV3Test.sol":{"l":{"9":126,"10":126,"24":104,"25":104,"26":104,"27":104,"28":104,"32":104},"path":"C:\\Users\\ndtr2\\Documents\\Workstation\\VAR\\Code\\DPMarketPlace\\contracts\\libraries\\AggregatorV3Test.sol","s":{"1":104},"b":{},"f":{"1":126,"2":104,"3":104},"fnMap":{"1":{"name":"constructor","line":8,"loc":{"start":{"line":8,"column":4},"end":{"line":11,"column":4}}},"2":{"name":"latestRoundData","line":13,"loc":{"start":{"line":13,"column":4},"end":{"line":29,"column":4}}},"3":{"name":"decimals","line":31,"loc":{"start":{"line":31,"column":4},"end":{"line":33,"column":4}}}},"statementMap":{"1":{"start":{"line":32,"column":8},"end":{"line":32,"column":24}}},"branchMap":{}},"contracts\\libraries\\PriceConverter.sol":{"l":{"14":104,"15":104,"16":12,"19":104,"21":104,"22":104,"23":104,"24":104,"25":104,"27":0,"30":104,"39":0,"40":0,"41":0,"43":0,"51":74,"52":74,"53":74,"54":74,"55":74,"56":74,"64":30,"65":30,"66":30,"67":30,"68":30,"69":30,"77":104,"78":0,"80":0,"82":104},"path":"C:\\Users\\ndtr2\\Documents\\Workstation\\VAR\\Code\\DPMarketPlace\\contracts\\libraries\\PriceConverter.sol","s":{"1":104,"2":104,"3":104,"4":104,"5":104,"6":104,"7":104,"8":0,"9":104,"10":0,"11":0,"12":0,"13":74,"14":74,"15":74,"16":74,"17":74,"18":30,"19":30,"20":30,"21":30,"22":30,"23":104,"24":104,"25":104},"b":{"1":[12,92],"2":[104,0],"3":[0,0],"4":[0,104],"5":[0,104]},"f":{"1":104,"2":0,"3":74,"4":30,"5":104},"fnMap":{"1":{"name":"getPrice","line":9,"loc":{"start":{"line":9,"column":4},"end":{"line":31,"column":4}}},"2":{"name":"getConversionRate","line":34,"loc":{"start":{"line":34,"column":4},"end":{"line":44,"column":4}}},"3":{"name":"getOrgUsdToken","line":46,"loc":{"start":{"line":46,"column":4},"end":{"line":57,"column":4}}},"4":{"name":"getUsdToken","line":59,"loc":{"start":{"line":59,"column":4},"end":{"line":70,"column":4}}},"5":{"name":"matchDecimals","line":73,"loc":{"start":{"line":73,"column":4},"end":{"line":83,"column":4}}}},"statementMap":{"1":{"start":{"line":14,"column":8},"end":{"line":14,"column":27}},"2":{"start":{"line":15,"column":8},"end":{"line":15,"column":518}},"3":{"start":{"line":19,"column":8},"end":{"line":19,"column":77}},"4":{"start":{"line":21,"column":8},"end":{"line":21,"column":61}},"5":{"start":{"line":22,"column":8},"end":{"line":22,"column":49}},"6":{"start":{"line":23,"column":8},"end":{"line":23,"column":46}},"7":{"start":{"line":24,"column":8},"end":{"line":24,"column":890}},"8":{"start":{"line":26,"column":15},"end":{"line":26,"column":1015}},"9":{"start":{"line":30,"column":8},"end":{"line":30,"column":48}},"10":{"start":{"line":39,"column":8},"end":{"line":39,"column":73}},"11":{"start":{"line":41,"column":8},"end":{"line":41,"column":70}},"12":{"start":{"line":43,"column":8},"end":{"line":43,"column":31}},"13":{"start":{"line":51,"column":8},"end":{"line":51,"column":73}},"14":{"start":{"line":52,"column":8},"end":{"line":52,"column":51}},"15":{"start":{"line":54,"column":8},"end":{"line":54,"column":35}},"16":{"start":{"line":55,"column":8},"end":{"line":55,"column":61}},"17":{"start":{"line":56,"column":8},"end":{"line":56,"column":19}},"18":{"start":{"line":64,"column":8},"end":{"line":64,"column":73}},"19":{"start":{"line":65,"column":8},"end":{"line":65,"column":51}},"20":{"start":{"line":67,"column":8},"end":{"line":67,"column":35}},"21":{"start":{"line":68,"column":8},"end":{"line":68,"column":61}},"22":{"start":{"line":69,"column":8},"end":{"line":69,"column":33}},"23":{"start":{"line":77,"column":8},"end":{"line":77,"column":2996}},"24":{"start":{"line":79,"column":15},"end":{"line":79,"column":3089}},"25":{"start":{"line":82,"column":8},"end":{"line":82,"column":21}}},"branchMap":{"1":{"line":15,"type":"if","locations":[{"start":{"line":15,"column":8},"end":{"line":15,"column":8}},{"start":{"line":15,"column":8},"end":{"line":15,"column":8}}]},"2":{"line":24,"type":"if","locations":[{"start":{"line":24,"column":8},"end":{"line":24,"column":8}},{"start":{"line":24,"column":8},"end":{"line":24,"column":8}}]},"3":{"line":26,"type":"if","locations":[{"start":{"line":26,"column":15},"end":{"line":26,"column":15}},{"start":{"line":26,"column":15},"end":{"line":26,"column":15}}]},"4":{"line":77,"type":"if","locations":[{"start":{"line":77,"column":8},"end":{"line":77,"column":8}},{"start":{"line":77,"column":8},"end":{"line":77,"column":8}}]},"5":{"line":79,"type":"if","locations":[{"start":{"line":79,"column":15},"end":{"line":79,"column":15}},{"start":{"line":79,"column":15},"end":{"line":79,"column":15}}]}}},"contracts\\token\\MockERC20.sol":{"l":{"10":252,"14":168,"18":12},"path":"C:\\Users\\ndtr2\\Documents\\Workstation\\VAR\\Code\\DPMarketPlace\\contracts\\token\\MockERC20.sol","s":{"1":168,"2":12},"b":{},"f":{"1":252,"2":168,"3":12},"fnMap":{"1":{"name":"constructor","line":9,"loc":{"start":{"line":9,"column":4},"end":{"line":11,"column":4}}},"2":{"name":"mint","line":13,"loc":{"start":{"line":13,"column":4},"end":{"line":15,"column":4}}},"3":{"name":"decimals","line":17,"loc":{"start":{"line":17,"column":4},"end":{"line":19,"column":4}}}},"statementMap":{"1":{"start":{"line":14,"column":8},"end":{"line":14,"column":29}},"2":{"start":{"line":18,"column":8},"end":{"line":18,"column":24}}},"branchMap":{}}}